# JRE version: OpenJDK Runtime Environment Temurin-17.0.11+9 (17.0.11+9) (build 17.0.11+9)
# Java VM: OpenJDK 64-Bit Server VM Temurin-17.0.11+9 (17.0.11+9, mixed mode, emulated-client, tiered, compressed oops, compressed class ptrs, g1 gc, windows-amd64)
GC Precious Log:
 CPUs: 4 total, 4 available
 Memory: 3934M
 Large Page Support: Disabled
 NUMA Support: Disabled
 Compressed Oops: Enabled (32-bit)
 Heap Region Size: 1M
 Heap Min Capacity: 8M
 Heap Initial Capacity: 62M
 Heap Max Capacity: 1G
 Pre-touch: Disabled
 Parallel Workers: 4
 Concurrent Workers: 1
 Concurrent Refinement Workers: 4
 Periodic GC: Disabled
Heap:
 garbage-first heap   total 63488K, used 24573K [0x00000000c0000000, 0x0000000100000000)
  region size 1024K, 1 young (1024K), 0 survivors (0K)
 Metaspace       used 39228K, committed 39872K, reserved 1114112K
  class space    used 5183K, committed 5440K, reserved 1048576K
GC Heap History (20 events):
Event: 1464.044 GC heap before
{Heap before GC invocations=144 (full 130):
 garbage-first heap   total 63488K, used 24573K [0x00000000c0000000, 0x0000000100000000)
  region size 1024K, 1 young (1024K), 0 survivors (0K)
 Metaspace       used 39228K, committed 39872K, reserved 1114112K
  class space    used 5183K, committed 5440K, reserved 1048576K
}
Event: 1464.083 GC heap after
{Heap after GC invocations=145 (full 131):
 garbage-first heap   total 63488K, used 24573K [0x00000000c0000000, 0x0000000100000000)
  region size 1024K, 0 young (0K), 0 survivors (0K)
 Metaspace       used 39228K, committed 39872K, reserved 1114112K
  class space    used 5183K, committed 5440K, reserved 1048576K
}
Event: 1474.541 GC heap before
{Heap before GC invocations=145 (full 131):
 garbage-first heap   total 63488K, used 24573K [0x00000000c0000000, 0x0000000100000000)
  region size 1024K, 1 young (1024K), 0 survivors (0K)
 Metaspace       used 39228K, committed 39872K, reserved 1114112K
  class space    used 5183K, committed 5440K, reserved 1048576K
}
Event: 1474.573 GC heap after
{Heap after GC invocations=146 (full 132):
 garbage-first heap   total 63488K, used 24573K [0x00000000c0000000, 0x0000000100000000)
  region size 1024K, 0 young (0K), 0 survivors (0K)
 Metaspace       used 39228K, committed 39872K, reserved 1114112K
  class space    used 5183K, committed 5440K, reserved 1048576K
}
Event: 1485.137 GC heap before
{Heap before GC invocations=146 (full 132):
 garbage-first heap   total 63488K, used 24573K [0x00000000c0000000, 0x0000000100000000)
  region size 1024K, 1 young (1024K), 0 survivors (0K)
 Metaspace       used 39228K, committed 39872K, reserved 1114112K
  class space    used 5183K, committed 5440K, reserved 1048576K
}
Event: 1485.191 GC heap after
{Heap after GC invocations=147 (full 133):
 garbage-first heap   total 63488K, used 24573K [0x00000000c0000000, 0x0000000100000000)
  region size 1024K, 0 young (0K), 0 survivors (0K)
 Metaspace       used 39228K, committed 39872K, reserved 1114112K
  class space    used 5183K, committed 5440K, reserved 1048576K
}
Event: 1495.926 GC heap before
{Heap before GC invocations=147 (full 133):
 garbage-first heap   total 63488K, used 24573K [0x00000000c0000000, 0x0000000100000000)
  region size 1024K, 1 young (1024K), 0 survivors (0K)
 Metaspace       used 39228K, committed 39872K, reserved 1114112K
  class space    used 5183K, committed 5440K, reserved 1048576K
}
Event: 1495.963 GC heap after
{Heap after GC invocations=148 (full 134):
 garbage-first heap   total 63488K, used 24573K [0x00000000c0000000, 0x0000000100000000)
  region size 1024K, 0 young (0K), 0 survivors (0K)
 Metaspace       used 39228K, committed 39872K, reserved 1114112K
  class space    used 5183K, committed 5440K, reserved 1048576K
}
Event: 1506.356 GC heap before
{Heap before GC invocations=148 (full 134):
 garbage-first heap   total 63488K, used 24573K [0x00000000c0000000, 0x0000000100000000)
  region size 1024K, 1 young (1024K), 0 survivors (0K)
 Metaspace       used 39228K, committed 39872K, reserved 1114112K
  class space    used 5183K, committed 5440K, reserved 1048576K
}
Event: 1506.394 GC heap after
{Heap after GC invocations=149 (full 135):
 garbage-first heap   total 63488K, used 24573K [0x00000000c0000000, 0x0000000100000000)
  region size 1024K, 0 young (0K), 0 survivors (0K)
 Metaspace       used 39228K, committed 39872K, reserved 1114112K
  class space    used 5183K, committed 5440K, reserved 1048576K
}
Event: 1517.707 GC heap before
{Heap before GC invocations=149 (full 135):
 garbage-first heap   total 63488K, used 24573K [0x00000000c0000000, 0x0000000100000000)
  region size 1024K, 1 young (1024K), 0 survivors (0K)
 Metaspace       used 39228K, committed 39872K, reserved 1114112K
  class space    used 5183K, committed 5440K, reserved 1048576K
}
Event: 1517.751 GC heap after
{Heap after GC invocations=150 (full 136):
 garbage-first heap   total 63488K, used 24573K [0x00000000c0000000, 0x0000000100000000)
  region size 1024K, 0 young (0K), 0 survivors (0K)
 Metaspace       used 39228K, committed 39872K, reserved 1114112K
  class space    used 5183K, committed 5440K, reserved 1048576K
}
Event: 1528.103 GC heap before
{Heap before GC invocations=150 (full 136):
 garbage-first heap   total 63488K, used 24573K [0x00000000c0000000, 0x0000000100000000)
  region size 1024K, 1 young (1024K), 0 survivors (0K)
 Metaspace       used 39228K, committed 39872K, reserved 1114112K
  class space    used 5183K, committed 5440K, reserved 1048576K
}
Event: 1528.149 GC heap after
{Heap after GC invocations=151 (full 137):
 garbage-first heap   total 63488K, used 24573K [0x00000000c0000000, 0x0000000100000000)
  region size 1024K, 0 young (0K), 0 survivors (0K)
 Metaspace       used 39228K, committed 39872K, reserved 1114112K
  class space    used 5183K, committed 5440K, reserved 1048576K
}
Event: 1538.425 GC heap before
{Heap before GC invocations=151 (full 137):
 garbage-first heap   total 63488K, used 24573K [0x00000000c0000000, 0x0000000100000000)
  region size 1024K, 1 young (1024K), 0 survivors (0K)
 Metaspace       used 39228K, committed 39872K, reserved 1114112K
  class space    used 5183K, committed 5440K, reserved 1048576K
}
Event: 1538.455 GC heap after
{Heap after GC invocations=152 (full 138):
 garbage-first heap   total 63488K, used 24573K [0x00000000c0000000, 0x0000000100000000)
  region size 1024K, 0 young (0K), 0 survivors (0K)
 Metaspace       used 39228K, committed 39872K, reserved 1114112K
  class space    used 5183K, committed 5440K, reserved 1048576K
}
Event: 1548.839 GC heap before
{Heap before GC invocations=152 (full 138):
 garbage-first heap   total 63488K, used 24573K [0x00000000c0000000, 0x0000000100000000)
  region size 1024K, 1 young (1024K), 0 survivors (0K)
 Metaspace       used 39228K, committed 39872K, reserved 1114112K
  class space    used 5183K, committed 5440K, reserved 1048576K
}
Event: 1548.876 GC heap after
{Heap after GC invocations=153 (full 139):
 garbage-first heap   total 63488K, used 24573K [0x00000000c0000000, 0x0000000100000000)
  region size 1024K, 0 young (0K), 0 survivors (0K)
 Metaspace       used 39228K, committed 39872K, reserved 1114112K
  class space    used 5183K, committed 5440K, reserved 1048576K
}
Event: 1559.202 GC heap before
{Heap before GC invocations=153 (full 139):
 garbage-first heap   total 63488K, used 24573K [0x00000000c0000000, 0x0000000100000000)
  region size 1024K, 1 young (1024K), 0 survivors (0K)
 Metaspace       used 39228K, committed 39872K, reserved 1114112K
  class space    used 5183K, committed 5440K, reserved 1048576K
}
Event: 1559.239 GC heap after
{Heap after GC invocations=154 (full 140):
 garbage-first heap   total 63488K, used 24573K [0x00000000c0000000, 0x0000000100000000)
  region size 1024K, 0 young (0K), 0 survivors (0K)
 Metaspace       used 39228K, committed 39872K, reserved 1114112K
  class space    used 5183K, committed 5440K, reserved 1048576K
}

